<?xml version="1.0" encoding="UTF-8"?>
<!-- Generated by org.testng.reporters.JUnitXMLReporter -->
<testsuite ignored="1" hostname="DESKTOP-6P64TEG" failures="1" tests="1" name="Default test(failed)" time="9.785" errors="0" timestamp="2024-09-20T18:25:29 IST">
  <testcase classname="SampleListenerTest.InvoiceTest" name="createInvoiceTest" time="0.018">
    <failure type="java.lang.AssertionError" message="expected [Home] but found [Administrator - Home - vtiger CRM 5 - Commercial Open Source CRM]">
      <![CDATA[java.lang.AssertionError: expected [Home] but found [Administrator - Home - vtiger CRM 5 - Commercial Open Source CRM]
at SampleListenerTest.InvoiceTest.createInvoiceTest(InvoiceTest.java:14)
at java.base/java.util.ArrayList.forEach(ArrayList.java:1511)
... Removed 33 stack frames]]>
    </failure>
  </testcase> <!-- createInvoiceTest -->
  <testcase classname="SampleListenerTest.InvoiceTest" name="createInvoiceWithContactTest" time="0.0">
    <ignored/>
  </testcase> <!-- createInvoiceWithContactTest -->
</testsuite> <!-- Default test(failed) -->
