<?xml version="1.0" encoding="UTF-8"?>
<!-- Generated by org.testng.reporters.JUnitXMLReporter -->
<testsuite ignored="2" hostname="DESKTOP-6P64TEG" failures="0" tests="4" name="Test3" time="154.217" errors="0" timestamp="2024-09-19T11:14:58 IST">
  <testcase classname="com.VTiger.crm.BaseClass.BaseClass" name="@AfterMethod configBM" time="0.343">
    <failure type="org.openqa.selenium.ElementNotInteractableException" message="Element &amp;lt;a class=&amp;quot;drop_down_usersettings&amp;quot; href=&amp;quot;index.php?module=Users&amp;amp;action=Logout&amp;quot;&amp;gt; could not be scrolled into view
Build info: version: &amp;apos;4.15.0&amp;apos;, revision: &amp;apos;1d14b5521b&amp;apos;
System info: os.name: &amp;apos;Windows 11&amp;apos;, os.arch: &amp;apos;amd64&amp;apos;, os.version: &amp;apos;10.0&amp;apos;, java.version: &amp;apos;17.0.11&amp;apos;
Driver info: org.openqa.selenium.firefox.FirefoxDriver
Command: [3218d533-2e3c-479c-b983-364eae27799e, clickElement {id=55e061ff-2400-4194-8680-3cbc44bdd505}]
Capabilities {acceptInsecureCerts: true, browserName: firefox, browserVersion: 130.0, moz:accessibilityChecks: false, moz:buildID: 20240829075237, moz:geckodriverVersion: 0.35.0, moz:headless: false, moz:platformVersion: 10.0, moz:processID: 10808, moz:profile: C:\Users\User\AppData\Local..., moz:shutdownTimeout: 60000, moz:webdriverClick: true, moz:windowless: false, pageLoadStrategy: normal, platformName: windows, proxy: Proxy(), setWindowRect: true, strictFileInteractability: false, timeouts: {implicit: 0, pageLoad: 300000, script: 30000}, unhandledPromptBehavior: dismiss and notify, userAgent: Mozilla/5.0 (Windows NT 10....}
Element: [[FirefoxDriver: firefox on windows (3218d533-2e3c-479c-b983-364eae27799e)] -&amp;gt; link text: Sign Out]
Session ID: 3218d533-2e3c-479c-b983-364eae27799e">
      <![CDATA[org.openqa.selenium.ElementNotInteractableException: Element <a class="drop_down_usersettings" href="index.php?module=Users&action=Logout"> could not be scrolled into view
Build info: version: '4.15.0', revision: '1d14b5521b'
System info: os.name: 'Windows 11', os.arch: 'amd64', os.version: '10.0', java.version: '17.0.11'
Driver info: org.openqa.selenium.firefox.FirefoxDriver
Command: [3218d533-2e3c-479c-b983-364eae27799e, clickElement {id=55e061ff-2400-4194-8680-3cbc44bdd505}]
Capabilities {acceptInsecureCerts: true, browserName: firefox, browserVersion: 130.0, moz:accessibilityChecks: false, moz:buildID: 20240829075237, moz:geckodriverVersion: 0.35.0, moz:headless: false, moz:platformVersion: 10.0, moz:processID: 10808, moz:profile: C:\Users\User\AppData\Local..., moz:shutdownTimeout: 60000, moz:webdriverClick: true, moz:windowless: false, pageLoadStrategy: normal, platformName: windows, proxy: Proxy(), setWindowRect: true, strictFileInteractability: false, timeouts: {implicit: 0, pageLoad: 300000, script: 30000}, unhandledPromptBehavior: dismiss and notify, userAgent: Mozilla/5.0 (Windows NT 10....}
Element: [[FirefoxDriver: firefox on windows (3218d533-2e3c-479c-b983-364eae27799e)] -> link text: Sign Out]
Session ID: 3218d533-2e3c-479c-b983-364eae27799e
at org.openqa.selenium.remote.codec.w3c.W3CHttpResponseCodec.createException(W3CHttpResponseCodec.java:200)
at org.openqa.selenium.remote.codec.w3c.W3CHttpResponseCodec.decode(W3CHttpResponseCodec.java:133)
at org.openqa.selenium.remote.codec.w3c.W3CHttpResponseCodec.decode(W3CHttpResponseCodec.java:52)
at org.openqa.selenium.remote.HttpCommandExecutor.execute(HttpCommandExecutor.java:191)
at org.openqa.selenium.remote.service.DriverCommandExecutor.invokeExecute(DriverCommandExecutor.java:200)
at org.openqa.selenium.remote.service.DriverCommandExecutor.execute(DriverCommandExecutor.java:175)
at org.openqa.selenium.remote.RemoteWebDriver.execute(RemoteWebDriver.java:607)
at org.openqa.selenium.remote.RemoteWebElement.execute(RemoteWebElement.java:224)
at org.openqa.selenium.remote.RemoteWebElement.click(RemoteWebElement.java:77)
at org.openqa.selenium.support.pagefactory.internal.LocatingElementHandler.invoke(LocatingElementHandler.java:51)
at jdk.proxy2/jdk.proxy2.$Proxy17.click(Unknown Source)
at com.VTiger.crm.ObjectRepositories.HomePage.signOutOfApp(HomePage.java:90)
at com.VTiger.crm.BaseClass.BaseClass.configBM(BaseClass.java:79)
at java.base/java.util.ArrayList.forEach(ArrayList.java:1511)
at java.base/java.util.concurrent.FutureTask.run(FutureTask.java:264)
at java.base/java.util.concurrent.ThreadPoolExecutor.runWorker(ThreadPoolExecutor.java:1136)
at java.base/java.util.concurrent.ThreadPoolExecutor$Worker.run(ThreadPoolExecutor.java:635)
at java.base/java.lang.Thread.run(Thread.java:840)
... Removed 31 stack frames]]>
    </failure>
  </testcase> <!-- @AfterMethod configBM -->
  <testcase classname="com.VTiger.crm.BaseClass.BaseClass" name="@AfterClass configAC" time="-1.726724639053E9">
    <skipped/>
  </testcase> <!-- @AfterClass configAC -->
  <testcase classname="com.VTiger.crm.OpportunityTest.OpportunityTest" name="createOPWithContactTest" time="41.199"/>
  <testcase classname="com.VTiger.crm.OpportunityTest.OpportunityTest" name="createOpWithOrgTest" time="35.323"/>
  <testcase classname="com.VTiger.crm.ProductTest.ProductTest" name="ProdWithVendorTest" time="21.437"/>
  <testcase classname="com.VTiger.crm.ProductTest.ProductTest" name="createProductTest" time="11.216"/>
  <testcase classname="com.VTiger.crm.BaseClass.BaseClass" name="@BeforeSuite configAS" time="0.0">
    <ignored/>
  </testcase> <!-- @BeforeSuite configAS -->
  <testcase classname="com.VTiger.crm.BaseClass.BaseClass" name="@AfterSuite configBS" time="0.0">
    <ignored/>
  </testcase> <!-- @AfterSuite configBS -->
</testsuite> <!-- Test3 -->
